> web@0.0.1 start /app
> next start

ready - started server on 0.0.0.0:3000, url: http://localhost:3000
Error: Cannot find module 'typescript'
Require stack:
- /app/node_modules/@nrwl/workspace/src/utilities/typescript/compilation.js
- /app/node_modules/@nrwl/workspace/src/utilities/typescript.js
- /app/node_modules/@nrwl/workspace/src/core/target-project-locator.js
- /app/node_modules/@nrwl/workspace/src/core/project-graph/build-dependencies/explicit-project-dependencies.js
- /app/node_modules/@nrwl/workspace/src/core/project-graph/build-dependencies/index.js
- /app/node_modules/@nrwl/workspace/src/core/project-graph/project-graph.js
- /app/node_modules/@nrwl/workspace/src/core/file-utils.js
- /app/node_modules/@nrwl/next/plugins/with-nx.js
- /app/next.config.js
- /app/node_modules/next/dist/server/config.js
- /app/node_modules/next/dist/server/next.js
- /app/node_modules/next/dist/server/lib/start-server.js
- /app/node_modules/next/dist/cli/next-start.js
- /app/node_modules/next/dist/bin/next
    at Function.Module._resolveFilename (internal/modules/cjs/loader.js:889:15)
    at Function.mod._resolveFilename (/app/node_modules/next/dist/build/webpack/require-hook.js:96:28)
    at Function.Module._load (internal/modules/cjs/loader.js:745:27)
    at Module.require (internal/modules/cjs/loader.js:961:19)
    at require (internal/modules/cjs/helpers.js:92:18)
    at Object.<anonymous> (/app/node_modules/@nrwl/workspace/src/utilities/typescript/compilation.js:7:12)
    at Module._compile (internal/modules/cjs/loader.js:1072:14)
    at Object.Module._extensions..js (internal/modules/cjs/loader.js:1101:10)
    at Module.load (internal/modules/cjs/loader.js:937:32)
    at Function.Module._load (internal/modules/cjs/loader.js:778:12) {
  code: 'MODULE_NOT_FOUND',
  requireStack: [
    '/app/node_modules/@nrwl/workspace/src/utilities/typescript/compilation.js',
    '/app/node_modules/@nrwl/workspace/src/utilities/typescript.js',
    '/app/node_modules/@nrwl/workspace/src/core/target-project-locator.js',
    '/app/node_modules/@nrwl/workspace/src/core/project-graph/build-dependencies/explicit-project-dependencies.js',
    '/app/node_modules/@nrwl/workspace/src/core/project-graph/build-dependencies/index.js',
    '/app/node_modules/@nrwl/workspace/src/core/project-graph/project-graph.js',
    '/app/node_modules/@nrwl/workspace/src/core/file-utils.js',
    '/app/node_modules/@nrwl/next/plugins/with-nx.js',
    '/app/next.config.js',
    '/app/node_modules/next/dist/server/config.js',
    '/app/node_modules/next/dist/server/next.js',
    '/app/node_modules/next/dist/server/lib/start-server.js',
    '/app/node_modules/next/dist/cli/next-start.js',
    '/app/node_modules/next/dist/bin/next'
  ]
}
npm ERR! code ELIFECYCLE
npm ERR! errno 1
npm ERR! web@0.0.1 start: `next start`
npm ERR! Exit status 1
npm ERR! 
npm ERR! Failed at the web@0.0.1 start script.
npm ERR! This is probably not a problem with npm. There is likely additional logging output above.

npm ERR! A complete log of this run can be found in:
npm ERR!     /root/.npm/_logs/2021-08-28T19_00_39_347Z-debug.log